[2023-02-27 12:55:45] START
[2023-02-27 13:05:38] EDIT myapp/models/menu.py: 1
[2023-02-27 13:06:07] EDIT myapp/models/menu.py: 0
[2023-02-27 13:06:25] CREATE default/loyality.html: 0
[2023-02-27 13:07:49] EDIT myapp/models/menu.py: 0
[2023-02-27 13:09:26] EDIT myapp/models/menu.py: -45
[2023-02-27 13:09:57] EDIT myapp/models/menu.py: 0
[2023-02-27 13:10:13] CREATE default/about.html: 0
[2023-02-27 13:11:58] EDIT myapp/views/layout.html: -3
[2023-02-27 13:12:57] EDIT myapp/views/layout.html: 0
[2023-02-27 13:13:08] EDIT myapp/views/layout.html: 0
[2023-02-27 13:36:31] EDIT myapp/models/menu.py: 1
[2023-02-27 13:37:02] EDIT myapp/models/menu.py: 0
[2023-02-27 13:37:16] CREATE default/tasks.html: 0
[2023-02-27 13:37:45] EDIT myapp/views/default/tasks.html: 17
[2023-02-27 13:38:11] EDIT myapp/views/default/tasks.html: 0
[2023-02-27 13:38:41] EDIT myapp/views/default/index.html: 19
[2023-02-27 13:39:26] EDIT myapp/models/db.py: 5
[2023-02-27 13:40:27] EDIT myapp/controllers/default.py: 4
[2023-02-27 13:40:30] EDIT myapp/controllers/default.py: 0
[2023-02-27 13:42:08] EDIT myapp/views/default/index.html: -19
[2023-02-27 13:43:32] EDIT myapp/controllers/default.py: 6
[2023-02-27 13:47:32] EDIT myapp/controllers/default.py: 2
[2023-02-27 13:47:33] EDIT myapp/controllers/default.py: 0
[2023-02-27 13:48:00] EDIT myapp/controllers/default.py: 0
[2023-02-27 13:50:17] EDIT myapp/models/menu.py: 0
[2023-02-27 13:50:45] CREATE tasks.html: 0
[2023-02-27 13:51:25] EDIT myapp/controllers/default.py: -2
[2023-02-27 13:53:08] DELETE myapp/views/tasks.html: -3
[2023-02-27 13:53:16] EDIT myapp/views/default/tasks.html: 1
[2023-02-27 13:53:18] EDIT myapp/views/default/tasks.html: 0
[2023-02-27 13:56:50] EDIT myapp/models/db.py: 2
[2023-02-27 13:57:09] EDIT myapp/controllers/default.py: -10
[2023-02-27 13:57:20] CREATE todolist.py: 0
[2023-02-27 13:57:36] EDIT myapp/controllers/todolist.py: 22
[2023-02-27 13:59:22] EDIT myapp/models/menu.py: 0
[2023-02-27 15:25:51] EDIT myapp/views/default/tasks.html: 25
[2023-02-27 15:26:01] EDIT myapp/views/default/tasks.html: -25
[2023-02-27 15:28:51] EDIT myapp/controllers/default.py: 2
[2023-02-27 15:28:55] EDIT myapp/controllers/default.py: 0
[2023-02-27 15:28:56] EDIT myapp/controllers/default.py: 0
[2023-02-27 15:30:32] DELETE myapp/controllers/todolist.py: -23
[2023-02-27 15:30:47] EDIT myapp/controllers/default.py: -2
[2023-02-27 15:32:23] EDIT myapp/controllers/default.py: 3
[2023-02-27 15:32:24] EDIT myapp/controllers/default.py: 0
[2023-02-27 15:33:47] EDIT myapp/views/default/tasks.html: -1
[2023-02-27 15:34:03] EDIT myapp/views/default/tasks.html: 1
[2023-02-27 15:34:12] EDIT myapp/views/default/tasks.html: -1
[2023-02-27 15:48:07] EDIT myapp/models/menu.py: 0
[2023-02-27 15:48:10] EDIT myapp/models/menu.py: 0
[2023-02-27 15:49:24] EDIT myapp/models/menu.py: 0
[2023-02-27 15:50:03] EDIT myapp/models/menu.py: 0
[2023-02-27 15:50:18] EDIT myapp/models/menu.py: 0
[2023-02-27 15:51:11] EDIT myapp/models/menu.py: 1
[2023-02-27 15:52:00] EDIT myapp/models/menu.py: 0
[2023-02-27 15:52:34] EDIT myapp/models/menu.py: 0
[2023-02-27 15:52:53] EDIT myapp/models/menu.py: 0
[2023-02-27 15:52:55] EDIT myapp/models/menu.py: 0
[2023-02-27 15:53:18] EDIT myapp/models/menu.py: 0
[2023-02-27 15:53:20] EDIT myapp/models/menu.py: 0
[2023-02-27 16:01:44] EDIT myapp/views/default/tasks.html: -18
[2023-02-27 16:02:14] EDIT myapp/views/default/tasks.html: 0
[2023-02-27 16:02:36] EDIT myapp/views/default/about.html: -1
[2023-02-27 16:02:52] EDIT myapp/views/default/about.html: 0
[2023-02-27 16:02:54] EDIT myapp/views/default/about.html: 0
[2023-02-27 16:03:38] EDIT myapp/controllers/default.py: 3
[2023-02-27 16:03:44] EDIT myapp/controllers/default.py: 0
[2023-02-27 16:03:52] EDIT myapp/controllers/default.py: 0
[2023-02-27 16:04:43] EDIT myapp/controllers/default.py: 3
[2023-02-27 16:04:43] EDIT myapp/controllers/default.py: 0
[2023-02-27 16:05:06] EDIT myapp/controllers/default.py: 0
[2023-02-27 16:05:33] EDIT myapp/controllers/default.py: 0
[2023-02-27 16:06:08] EDIT myapp/views/default/loyality.html: -1
[2023-02-27 16:06:57] EDIT myapp/models/menu.py: 0
[2023-02-27 16:06:57] EDIT myapp/models/menu.py: 0
[2023-02-27 16:07:10] EDIT myapp/models/menu.py: 0
[2023-02-27 16:07:40] EDIT myapp/models/menu.py: 0
[2023-02-27 16:18:30] EDIT myapp/models/db.py: -1
[2023-02-27 16:20:03] EDIT myapp/controllers/default.py: 4
[2023-02-27 16:20:24] EDIT myapp/views/default/tasks.html: 3
[2023-02-28 15:52:50] EDIT myapp/controllers/default.py: 0
[2023-02-28 15:53:07] EDIT myapp/controllers/default.py: 0
[2023-02-28 15:53:33] EDIT myapp/views/default/tasks.html: 1
[2023-02-28 15:54:15] EDIT myapp/views/default/tasks.html: 0
[2023-02-28 15:54:28] EDIT myapp/views/default/tasks.html: 0
[2023-02-28 15:55:35] EDIT myapp/controllers/default.py: 0
[2023-02-28 15:55:52] EDIT myapp/controllers/default.py: 0
[2023-02-28 15:55:53] EDIT myapp/controllers/default.py: 0
[2023-02-28 15:56:05] EDIT myapp/controllers/default.py: 0
[2023-02-28 15:56:22] EDIT myapp/controllers/default.py: 0
[2023-02-28 15:56:23] EDIT myapp/controllers/default.py: 0
[2023-02-28 15:56:51] EDIT myapp/views/default/loyality.html: 1
[2023-02-28 15:57:24] EDIT myapp/views/default/about.html: 1
[2023-02-28 15:59:22] EDIT myapp/views/default/index.html: -45
[2023-02-28 15:59:55] EDIT myapp/views/default/index.html: 2
[2023-02-28 16:00:31] EDIT myapp/controllers/default.py: 0
[2023-02-28 16:00:32] EDIT myapp/controllers/default.py: 0
[2023-02-28 16:01:09] EDIT myapp/views/default/index.html: 0
[2023-02-28 16:01:20] EDIT myapp/views/default/index.html: 0
[2023-02-28 16:05:30] EDIT myapp/views/default/index.html: 2
[2023-02-28 16:06:11] EDIT myapp/views/default/tasks.html: 2
[2023-02-28 16:06:21] EDIT myapp/views/default/about.html: 2
[2023-02-28 16:08:29] EDIT myapp/controllers/default.py: 0
[2023-02-28 16:08:54] EDIT myapp/views/default/index.html: 1
[2023-02-28 16:09:54] EDIT myapp/controllers/default.py: 1
[2023-02-28 16:10:29] EDIT myapp/controllers/default.py: -1
[2023-02-28 16:10:40] EDIT myapp/views/default/index.html: -1
[2023-02-28 16:13:07] EDIT myapp/views/default/loyality.html: 2
[2023-02-28 16:18:51] EDIT myapp/views/default/index.html: 1
[2023-02-28 16:19:24] EDIT myapp/models/db.py: 0
[2023-02-28 16:19:45] EDIT myapp/controllers/default.py: 0
[2023-02-28 16:19:48] EDIT myapp/controllers/default.py: 0
[2023-02-28 16:19:50] EDIT myapp/controllers/default.py: 0
[2023-02-28 16:20:08] EDIT myapp/views/default/index.html: 1
[2023-02-28 16:21:31] EDIT myapp/models/db.py: 0
[2023-02-28 16:21:40] EDIT myapp/views/default/index.html: -1
[2023-02-28 16:23:05] EDIT myapp/views/default/index.html: 0
[2023-02-28 16:23:12] EDIT myapp/views/default/index.html: 0
[2023-02-28 16:23:25] EDIT myapp/views/default/index.html: 0
[2023-02-28 16:23:44] EDIT myapp/controllers/default.py: 0
[2023-02-28 16:35:30] EDIT myapp/controllers/default.py: 6
[2023-02-28 16:36:01] EDIT myapp/models/db.py: -2
[2023-02-28 16:37:14] EDIT myapp/controllers/default.py: 4
[2023-02-28 16:37:34] EDIT myapp/controllers/default.py: -6
[2023-02-28 16:37:52] EDIT myapp/controllers/default.py: 0
[2023-02-28 16:38:22] EDIT myapp/controllers/default.py: 0
[2023-02-28 16:38:42] EDIT myapp/controllers/default.py: 2
[2023-02-28 16:39:52] EDIT myapp/controllers/default.py: -3
[2023-02-28 16:40:16] EDIT myapp/views/default/loyality.html: -1
[2023-02-28 16:40:21] EDIT myapp/views/default/loyality.html: -1
[2023-02-28 16:41:06] EDIT myapp/views/default/index.html: 13
[2023-02-28 16:42:40] EDIT myapp/views/default/index.html: 0
[2023-02-28 16:44:25] EDIT myapp/views/default/index.html: -13
[2023-02-28 16:45:31] EDIT myapp/views/default/index.html: 8
[2023-02-28 16:45:39] EDIT myapp/views/default/index.html: -8
[2023-02-28 16:45:41] EDIT myapp/views/default/index.html: 0
[2023-02-28 16:46:05] EDIT myapp/controllers/default.py: 0
[2023-02-28 16:46:15] EDIT myapp/views/default/index.html: 8
[2023-02-28 16:48:18] EDIT myapp/views/default/index.html: -9
[2023-02-28 16:48:56] EDIT myapp/controllers/default.py: 0
[2023-02-28 16:49:14] EDIT myapp/controllers/default.py: 0
[2023-02-28 16:50:25] EDIT myapp/views/default/index.html: 2
[2023-02-28 16:50:37] EDIT myapp/views/default/index.html: 0
[2023-02-28 16:52:09] EDIT myapp/views/default/index.html: 0
[2023-02-28 16:53:23] EDIT myapp/views/default/index.html: 1
[2023-02-28 16:53:41] EDIT myapp/views/default/index.html: 2
[2023-02-28 16:53:51] EDIT myapp/views/default/index.html: -2
[2023-02-28 16:54:33] EDIT myapp/views/default/tasks.html: 5
[2023-02-28 16:54:37] EDIT myapp/views/default/tasks.html: 0
[2023-02-28 16:55:49] EDIT myapp/controllers/default.py: 4
[2023-02-28 16:56:55] EDIT myapp/controllers/default.py: 0
[2023-02-28 16:57:09] EDIT myapp/controllers/default.py: -4
[2023-02-28 16:57:11] EDIT myapp/controllers/default.py: 0
[2023-02-28 16:57:12] EDIT myapp/controllers/default.py: 0
[2023-02-28 16:57:13] EDIT myapp/controllers/default.py: 0
[2023-02-28 16:57:23] EDIT myapp/controllers/default.py: 0
[2023-02-28 16:57:26] EDIT myapp/controllers/default.py: 0
[2023-02-28 17:03:35] EDIT myapp/controllers/default.py: 3
[2023-02-28 17:03:57] EDIT myapp/controllers/default.py: -3
[2023-02-28 17:04:26] EDIT myapp/views/default/tasks.html: 2
[2023-02-28 17:04:49] EDIT myapp/controllers/default.py: 0
[2023-02-28 17:05:18] EDIT myapp/controllers/default.py: 0
[2023-02-28 17:06:31] EDIT myapp/controllers/default.py: 0
[2023-02-28 17:07:15] EDIT myapp/views/default/loyality.html: 1
[2023-02-28 17:12:10] EDIT myapp/views/default/tasks.html: -3
[2023-02-28 17:13:01] EDIT myapp/views/default/index.html: 3
[2023-02-28 17:13:27] EDIT myapp/views/default/index.html: 0
[2023-02-28 17:13:35] EDIT myapp/views/default/index.html: -4
[2023-02-28 17:14:08] EDIT myapp/views/default/index.html: 0
[2023-02-28 17:15:31] EDIT myapp/views/default/index.html: 0
[2023-02-28 17:15:58] EDIT myapp/views/default/tasks.html: 0
[2023-02-28 17:17:00] EDIT myapp/views/default/loyality.html: 2
[2023-02-28 17:17:25] EDIT myapp/views/default/loyality.html: 0
[2023-02-28 17:17:47] EDIT myapp/views/default/index.html: 0
[2023-02-28 17:18:38] EDIT myapp/views/default/index.html: 4
[2023-02-28 17:19:22] EDIT myapp/views/default/tasks.html: 4
[2023-02-28 17:19:39] EDIT myapp/views/default/loyality.html: 4
[2023-02-28 17:19:44] EDIT myapp/views/default/loyality.html: 0
[2023-02-28 17:20:16] EDIT myapp/views/default/loyality.html: 0
[2023-02-28 17:20:30] EDIT myapp/views/default/loyality.html: 0
[2023-02-28 17:21:11] EDIT myapp/views/default/about.html: 4
[2023-02-28 17:21:21] EDIT myapp/views/default/about.html: 0
[2023-02-28 17:21:31] EDIT myapp/views/default/about.html: 0
[2023-02-28 17:21:37] EDIT myapp/views/default/about.html: -2
[2023-02-28 17:25:25] EDIT myapp/views/default/index.html: 1
[2023-02-28 17:25:48] EDIT myapp/views/default/index.html: 0
[2023-02-28 17:26:16] EDIT myapp/views/default/index.html: 0
[2023-02-28 17:27:58] EDIT myapp/controllers/default.py: -4
[2023-02-28 17:28:50] EDIT myapp/views/default/index.html: 0
[2023-02-28 17:29:06] EDIT myapp/views/default/index.html: 0
[2023-02-28 17:30:13] EDIT myapp/views/default/index.html: 0
[2023-02-28 17:30:31] EDIT myapp/views/default/index.html: 0
[2023-02-28 17:30:46] EDIT myapp/views/default/index.html: -1
[2023-02-28 17:39:59] EDIT myapp/controllers/default.py: 5
[2023-02-28 17:40:56] EDIT myapp/views/default/tasks.html: 2
[2023-02-28 17:41:43] EDIT myapp/views/default/tasks.html: 9
[2023-02-28 17:41:53] EDIT myapp/views/default/tasks.html: 0
[2023-02-28 17:53:11] EDIT myapp/controllers/default.py: 5
[2023-02-28 17:53:48] EDIT myapp/views/default/tasks.html: 4
[2023-02-28 17:54:05] EDIT myapp/views/default/tasks.html: 15
[2023-02-28 17:54:30] EDIT myapp/views/default/tasks.html: -15
[2023-02-28 17:54:37] EDIT myapp/views/default/tasks.html: 0
[2023-02-28 17:54:52] EDIT myapp/views/default/tasks.html: 0
[2023-02-28 17:55:10] EDIT myapp/views/default/tasks.html: 3
[2023-02-28 17:55:23] EDIT myapp/views/default/tasks.html: 0
[2023-02-28 17:56:50] EDIT myapp/views/default/tasks.html: 0
[2023-02-28 18:01:19] EDIT myapp/views/default/tasks.html: -4
[2023-02-28 18:01:56] EDIT myapp/views/default/tasks.html: 1
[2023-02-28 18:02:21] EDIT myapp/controllers/default.py: 0
[2023-02-28 18:02:46] EDIT myapp/views/default/tasks.html: 12
[2023-02-28 18:04:10] EDIT myapp/views/default/tasks.html: 0
[2023-02-28 18:06:19] EDIT myapp/views/default/tasks.html: -1
[2023-02-28 18:06:40] EDIT myapp/controllers/default.py: -5
[2023-02-28 18:07:54] EDIT myapp/views/default/tasks.html: -12
[2023-02-28 18:10:37] EDIT myapp/models/db.py: 1
[2023-02-28 18:13:06] EDIT myapp/controllers/default.py: 5
[2023-02-28 18:14:14] EDIT myapp/views/default/tasks.html: 1
[2023-02-28 18:14:32] EDIT myapp/views/default/tasks.html: 12
[2023-02-28 18:14:41] EDIT myapp/views/default/tasks.html: 0
[2023-02-28 18:20:27] EDIT myapp/views/default/tasks.html: 0
[2023-02-28 18:20:41] EDIT myapp/views/default/tasks.html: 0
[2023-02-28 18:21:00] EDIT myapp/views/default/tasks.html: 0
[2023-02-28 18:21:11] EDIT myapp/views/default/tasks.html: 0
[2023-02-28 18:21:13] EDIT myapp/views/default/tasks.html: 0
[2023-02-28 18:22:00] EDIT myapp/views/default/tasks.html: 0
[2023-02-28 18:26:19] EDIT myapp/views/default/tasks.html: 0
[2023-02-28 18:26:31] EDIT myapp/views/default/tasks.html: 0
[2023-02-28 18:27:20] EDIT myapp/controllers/default.py: 0
[2023-02-28 18:27:20] EDIT myapp/controllers/default.py: 0
[2023-02-28 18:28:17] EDIT myapp/controllers/default.py: 0
[2023-02-28 18:28:34] EDIT myapp/controllers/default.py: 0
[2023-02-28 18:29:36] EDIT myapp/controllers/default.py: 0
[2023-02-28 18:29:53] EDIT myapp/views/default/tasks.html: 0
[2023-02-28 18:29:59] EDIT myapp/views/default/tasks.html: 0
[2023-02-28 18:30:14] EDIT myapp/controllers/default.py: 0
[2023-02-28 18:30:29] EDIT myapp/controllers/default.py: 0
[2023-02-28 18:30:40] EDIT myapp/views/default/tasks.html: -1
[2023-02-28 18:30:55] EDIT myapp/views/default/tasks.html: 1
[2023-02-28 18:31:38] EDIT myapp/views/default/tasks.html: 0
[2023-02-28 18:32:30] EDIT myapp/views/default/tasks.html: 1
[2023-02-28 18:32:38] EDIT myapp/views/default/tasks.html: -1
[2023-02-28 20:03:10] EDIT myapp/views/default/tasks.html: 0
[2023-02-28 20:03:19] EDIT myapp/views/default/tasks.html: 0
[2023-02-28 20:03:23] EDIT myapp/views/default/tasks.html: 0
[2023-02-28 20:03:34] EDIT myapp/views/default/tasks.html: 0
[2023-02-28 20:03:41] EDIT myapp/views/default/tasks.html: -1
[2023-02-28 20:03:47] EDIT myapp/views/default/tasks.html: 1
[2023-02-28 20:04:09] EDIT myapp/views/default/tasks.html: -12
[2023-02-28 20:05:19] EDIT myapp/views/default/tasks.html: 12
[2023-02-28 20:05:44] EDIT myapp/views/default/tasks.html: -12
[2023-02-28 20:05:45] EDIT myapp/views/default/tasks.html: 0
[2023-02-28 20:08:10] EDIT myapp/views/default/tasks.html: 12
[2023-02-28 20:08:12] EDIT myapp/views/default/tasks.html: 0
[2023-02-28 20:13:36] EDIT myapp/views/default/tasks.html: 0
[2023-02-28 20:15:06] EDIT myapp/views/default/tasks.html: 0
[2023-02-28 20:15:41] EDIT myapp/controllers/default.py: 2
[2023-02-28 20:15:51] EDIT myapp/controllers/default.py: 0
[2023-02-28 20:15:53] EDIT myapp/controllers/default.py: 0
[2023-02-28 20:16:21] EDIT myapp/controllers/default.py: -2
[2023-02-28 20:19:05] EDIT myapp/views/default/tasks.html: 0
[2023-02-28 20:19:13] EDIT myapp/views/default/tasks.html: -12
[2023-02-28 20:19:40] EDIT myapp/views/default/tasks.html: 14
[2023-02-28 20:19:41] EDIT myapp/views/default/tasks.html: 0
[2023-02-28 20:22:40] EDIT myapp/views/default/tasks.html: -14
[2023-02-28 20:23:14] EDIT myapp/views/default/tasks.html: 9
[2023-02-28 20:23:46] EDIT myapp/controllers/default.py: 2
[2023-02-28 20:23:47] EDIT myapp/controllers/default.py: 0
[2023-02-28 20:27:04] EDIT myapp/controllers/default.py: -2
[2023-02-28 20:31:28] EDIT myapp/controllers/default.py: 3
[2023-02-28 20:32:00] EDIT myapp/controllers/default.py: 0
[2023-02-28 20:39:46] EDIT myapp/databases/sql.log: 1
[2023-02-28 20:41:16] EDIT myapp/databases/sql.log: 0
[2023-02-28 20:44:54] EDIT myapp/databases/sql.log: 0
[2023-02-28 20:47:44] EDIT myapp/databases/sql.log: -1
[2023-03-01 09:26:55] EDIT myapp/controllers/default.py: -2
[2023-03-01 09:27:43] EDIT myapp/controllers/default.py: 2
[2023-03-01 09:53:00] EDIT myapp/models/db.py: 3
[2023-03-01 09:53:34] EDIT myapp/models/db.py: -3
[2023-03-01 13:10:11] EDIT myapp/views/default/index.html: 3
[2023-03-01 13:10:50] EDIT myapp/views/default/tasks.html: 0
[2023-03-01 13:11:14] EDIT myapp/views/default/tasks.html: 3
[2023-03-01 14:57:09] EDIT myapp/models/db.py: 0
[2023-03-01 14:58:38] EDIT myapp/models/db.py: 3
[2023-03-01 14:58:50] EDIT myapp/models/db.py: 0
[2023-03-01 14:59:32] EDIT myapp/models/db.py: -3
[2023-03-01 15:01:22] EDIT myapp/databases/sql.log: 1
[2023-03-01 15:07:15] EDIT myapp/databases/sql.log: 1
[2023-03-01 15:07:19] EDIT myapp/databases/sql.log: 0
[2023-03-01 15:07:54] EDIT myapp/controllers/default.py: 0
[2023-03-01 15:10:12] EDIT myapp/databases/sql.log: -1
[2023-03-01 15:10:27] EDIT myapp/databases/sql.log: -1
[2023-03-01 15:14:47] EDIT myapp/controllers/default.py: 0
[2023-03-08 14:31:00] EDIT myapp/controllers/default.py: 0
[2023-03-08 14:38:54] EDIT myapp/models/db.py: 3
[2023-03-08 14:40:07] EDIT myapp/controllers/default.py: 0
[2023-03-08 14:40:41] EDIT myapp/models/db.py: 0
[2023-03-08 14:41:41] EDIT myapp/controllers/default.py: 0
[2023-03-08 14:42:42] EDIT myapp/models/db.py: 0
[2023-03-08 14:44:45] EDIT myapp/views/default/tasks.html: 1
[2023-03-08 14:46:12] EDIT myapp/controllers/default.py: 0
[2023-03-08 14:46:29] EDIT myapp/controllers/default.py: 0
[2023-03-08 14:47:39] EDIT myapp/views/default/tasks.html: 0
[2023-03-08 14:47:48] EDIT myapp/views/default/tasks.html: 0
[2023-03-08 14:48:41] EDIT myapp/views/default/tasks.html: 0
[2023-03-08 14:51:36] EDIT myapp/controllers/default.py: 1
[2023-03-08 14:51:54] EDIT myapp/views/default/tasks.html: 0
[2023-03-08 14:52:58] EDIT myapp/views/default/tasks.html: 2
[2023-03-08 14:52:58] EDIT myapp/views/default/tasks.html: 0
[2023-03-08 14:53:44] EDIT myapp/views/default/tasks.html: 0
[2023-03-08 14:54:01] EDIT myapp/controllers/default.py: -1
[2023-03-08 14:54:16] EDIT myapp/controllers/default.py: 0
[2023-03-08 14:57:18] EDIT myapp/views/default/loyality.html: 3
[2023-03-08 14:57:36] EDIT myapp/views/default/loyality.html: 0
[2023-03-08 15:05:01] EDIT myapp/models/db.py: 4
[2023-03-08 15:05:44] EDIT myapp/models/db.py: 0
[2023-03-08 15:08:42] EDIT myapp/views/default/loyality.html: 13
[2023-03-08 15:10:15] EDIT myapp/views/default/loyality.html: 0
[2023-03-08 15:11:11] EDIT myapp/views/default/loyality.html: 3
[2023-03-08 15:11:35] EDIT myapp/views/default/loyality.html: 0
[2023-03-08 15:11:47] EDIT myapp/views/default/loyality.html: 0
[2023-03-08 15:16:30] EDIT myapp/controllers/default.py: 7
[2023-03-08 15:18:15] EDIT myapp/views/default/loyality.html: 5
[2023-03-08 15:20:21] EDIT myapp/controllers/default.py: 0
[2023-03-08 15:21:14] EDIT myapp/controllers/default.py: 1
[2023-03-08 15:21:15] EDIT myapp/controllers/default.py: 0
[2023-03-08 15:22:58] EDIT myapp/controllers/default.py: 0
[2023-03-08 15:24:07] EDIT myapp/views/default/loyality.html: 4
[2023-03-11 10:08:57] EDIT myapp/models/db.py: 1
[2023-03-11 10:14:22] EDIT myapp/controllers/default.py: 18
[2023-03-11 10:16:32] EDIT myapp/controllers/default.py: 0
[2023-03-11 10:27:21] EDIT myapp/controllers/default.py: -18
[2023-03-11 10:28:07] EDIT myapp/models/db.py: 0
[2023-03-11 10:28:44] EDIT myapp/controllers/default.py: 1
[2023-03-11 10:29:04] EDIT myapp/controllers/default.py: 0
[2023-03-11 10:29:34] EDIT myapp/models/db.py: 0
[2023-03-11 10:30:42] EDIT myapp/controllers/default.py: 0
[2023-03-11 10:34:00] EDIT myapp/views/default/loyality.html: 3
[2023-03-11 10:34:01] EDIT myapp/views/default/loyality.html: 0
[2023-03-11 10:34:54] EDIT myapp/views/default/loyality.html: 0
[2023-03-11 10:37:13] EDIT myapp/views/default/loyality.html: 1
[2023-03-11 10:44:21] EDIT myapp/views/default/loyality.html: 0
[2023-03-11 10:44:35] EDIT myapp/models/db.py: 0
[2023-03-11 10:44:59] EDIT myapp/models/db.py: 0
[2023-03-11 10:54:52] EDIT myapp/controllers/default.py: 0
[2023-03-11 11:09:49] EDIT myapp/controllers/default.py: 0
[2023-03-11 11:11:55] EDIT myapp/controllers/default.py: 0
[2023-03-15 16:28:41] EDIT myapp/views/layout.html: 0
[2023-03-17 16:59:54] EDIT myapp/views/default/loyality.html: 0
